-------------------------------------------------------------------------------
Test set: Login functionality
-------------------------------------------------------------------------------
Tests run: 2, Failures: 0, Errors: 2, Skipped: 0, Time elapsed: 30.717 s <<< FAILURE! - in Login functionality
Login with valid credentials(Login functionality)  Time elapsed: 16.285 s  <<< ERROR!
java.lang.NullPointerException: Cannot invoke "org.openqa.selenium.WebDriver.findElement(org.openqa.selenium.By)" because "this.driver" is null

Login with invalid credentials(Login functionality)  Time elapsed: 14.417 s  <<< ERROR!
java.lang.NullPointerException: Cannot invoke "org.openqa.selenium.WebDriver.findElement(org.openqa.selenium.By)" because "this.driver" is null

